<?xml version="1.0" encoding="UTF-8"?>
<!-- Generated by org.testng.reporters.JUnitReportReporter -->
<testsuite skipped="0" hostname="MACLTUS45747" name="com.org.apiTesting.apiTesting.wheatherRequestsTest" tests="1" failures="0" timestamp="20 Apr 2018 22:07:54 GMT" time="1.304" errors="0">
  <testcase name="Test_01" time="1.304" classname="com.org.apiTesting.apiTesting.wheatherRequestsTest"/>
</testsuite> <!-- com.org.apiTesting.apiTesting.wheatherRequestsTest -->
