<?xml version="1.0" encoding="UTF-8"?>
<!-- Generated by org.testng.reporters.JUnitReportReporter -->
<testsuite skipped="0" hostname="MACLTUS45747" name="com.org.apiTesting.apiTesting.wheatherRequestsTest" tests="1" failures="0" timestamp="19 Apr 2018 19:47:44 GMT" time="1.100" errors="0">
  <testcase name="Test_01" time="1.100" classname="com.org.apiTesting.apiTesting.wheatherRequestsTest"/>
</testsuite> <!-- com.org.apiTesting.apiTesting.wheatherRequestsTest -->
